[20Dec2024 00:37:51.582] [Server thread/INFO] [net.minecraft.server.MinecraftServer/]: Stopping the server
[20Dec2024 00:37:51.675] [Server thread/INFO] [net.minecraft.server.MinecraftServer/]: Stopping server
[20Dec2024 00:37:51.679] [Server thread/INFO] [net.minecraft.server.MinecraftServer/]: Saving players
[20Dec2024 00:37:51.680] [Server thread/INFO] [net.minecraft.server.MinecraftServer/]: Saving worlds
[20Dec2024 00:37:51.820] [Server thread/INFO] [net.minecraft.server.MinecraftServer/]: Saving chunks for level 'ServerLevel[MaricoElQueSeDañe]'/minecraft:overworld
[20Dec2024 00:37:51.907] [Server thread/INFO] [net.minecraft.server.MinecraftServer/]: Saving chunks for level 'ServerLevel[MaricoElQueSeDañe]'/deeperdarker:otherside
[20Dec2024 00:37:51.909] [Server thread/INFO] [net.minecraft.server.MinecraftServer/]: Saving chunks for level 'ServerLevel[MaricoElQueSeDañe]'/aether:the_aether
[20Dec2024 00:37:51.910] [Server thread/INFO] [net.minecraft.server.MinecraftServer/]: Saving chunks for level 'ServerLevel[MaricoElQueSeDañe]'/undergarden:undergarden
[20Dec2024 00:37:51.913] [Server thread/INFO] [net.minecraft.server.MinecraftServer/]: Saving chunks for level 'ServerLevel[MaricoElQueSeDañe]'/minecraft:the_end
[20Dec2024 00:37:51.915] [Server thread/INFO] [net.minecraft.server.MinecraftServer/]: Saving chunks for level 'ServerLevel[MaricoElQueSeDañe]'/create_decoration:fabilium
[20Dec2024 00:37:51.917] [Server thread/INFO] [net.minecraft.server.MinecraftServer/]: Saving chunks for level 'ServerLevel[MaricoElQueSeDañe]'/twilightforest:twilight_forest
[20Dec2024 00:37:51.920] [Server thread/INFO] [net.minecraft.server.MinecraftServer/]: Saving chunks for level 'ServerLevel[MaricoElQueSeDañe]'/minecraft:the_nether
[20Dec2024 00:37:52.239] [Server thread/INFO] [net.minecraft.server.MinecraftServer/]: ThreadedAnvilChunkStorage (world): All chunks are saved
[20Dec2024 00:37:52.240] [Server thread/INFO] [net.minecraft.server.MinecraftServer/]: ThreadedAnvilChunkStorage (otherside): All chunks are saved
[20Dec2024 00:37:52.240] [Server thread/INFO] [net.minecraft.server.MinecraftServer/]: ThreadedAnvilChunkStorage (the_aether): All chunks are saved
[20Dec2024 00:37:52.240] [Server thread/INFO] [net.minecraft.server.MinecraftServer/]: ThreadedAnvilChunkStorage (undergarden): All chunks are saved
[20Dec2024 00:37:52.240] [Server thread/INFO] [net.minecraft.server.MinecraftServer/]: ThreadedAnvilChunkStorage (DIM1): All chunks are saved
[20Dec2024 00:37:52.240] [Server thread/INFO] [net.minecraft.server.MinecraftServer/]: ThreadedAnvilChunkStorage (fabilium): All chunks are saved
[20Dec2024 00:37:52.240] [Server thread/INFO] [net.minecraft.server.MinecraftServer/]: ThreadedAnvilChunkStorage (twilight_forest): All chunks are saved
[20Dec2024 00:37:52.241] [Server thread/INFO] [net.minecraft.server.MinecraftServer/]: ThreadedAnvilChunkStorage (DIM-1): All chunks are saved
[20Dec2024 00:37:52.241] [Server thread/INFO] [net.minecraft.server.MinecraftServer/]: ThreadedAnvilChunkStorage: All dimensions are saved
[20Dec2024 00:37:52.285] [Server thread/INFO] [journeymap/]: Loading JourneyMap Forge Configs
